2020-06-19 17:49:56,280  INFO [main] LoginPageTest:43 - ******** Test Case loginPageTitleTest started ********
2020-06-19 17:49:56,645  INFO [main] LoginPageTest:47 - ******** Test Case loginPageTitleTest end ********
2020-06-19 17:49:56,666  INFO [main] LoginPageTest:53 - ******** Test Case signInTest started ********
2020-06-19 17:50:02,031  INFO [main] LoginPageTest:59 - ******** Test Case signInTest end ********
2020-06-19 17:50:19,326 DEBUG [Finalizer] PoolingHttpClientConnectionManager:408 - Connection manager is shutting down
2020-06-19 17:50:19,327 DEBUG [Finalizer] PoolingHttpClientConnectionManager:414 - Connection manager shut down
2020-06-19 17:50:26,546 DEBUG [Finalizer] PoolingHttpClientConnectionManager:408 - Connection manager is shutting down
2020-06-19 17:50:26,546 DEBUG [Finalizer] PoolingHttpClientConnectionManager:414 - Connection manager shut down
2020-06-19 17:51:13,759 DEBUG [main] cache:44 - Couldn't find template in cache for "spark/spark.spa.ftl"("en_IN", UTF-8, parsed); will try to load it.
2020-06-19 17:51:13,762 DEBUG [main] cache:44 - TemplateLoader.findTemplateSource("spark/spark.spa_en_IN.ftl"): Not found
2020-06-19 17:51:13,764 DEBUG [main] cache:44 - TemplateLoader.findTemplateSource("spark/spark.spa_en.ftl"): Not found
2020-06-19 17:51:13,766 DEBUG [main] cache:44 - TemplateLoader.findTemplateSource("spark/spark.spa.ftl"): Found
2020-06-19 17:51:13,767 DEBUG [main] cache:44 - Loading template for "spark/spark.spa.ftl"("en_IN", UTF-8, parsed) from "jar:file:/home/tushar/.m2/repository/com/aventstack/extentreports/4.1.4/extentreports-4.1.4.jar!/com/aventstack/extentreports/view/spark/spark.spa.ftl"
2020-06-19 17:51:13,954 DEBUG [main] cache:44 - Couldn't find template in cache for "commons/commons-variables.ftl"("en_IN", UTF-8, parsed); will try to load it.
2020-06-19 17:51:13,955 DEBUG [main] cache:44 - TemplateLoader.findTemplateSource("commons/commons-variables_en_IN.ftl"): Not found
2020-06-19 17:51:13,955 DEBUG [main] cache:44 - TemplateLoader.findTemplateSource("commons/commons-variables_en.ftl"): Not found
2020-06-19 17:51:13,957 DEBUG [main] cache:44 - TemplateLoader.findTemplateSource("commons/commons-variables.ftl"): Found
2020-06-19 17:51:13,958 DEBUG [main] cache:44 - Loading template for "commons/commons-variables.ftl"("en_IN", UTF-8, parsed) from "jar:file:/home/tushar/.m2/repository/com/aventstack/extentreports/4.1.4/extentreports-4.1.4.jar!/com/aventstack/extentreports/view/commons/commons-variables.ftl"
2020-06-19 17:51:14,061 DEBUG [main] cache:44 - Couldn't find template in cache for "commons/commons-macros.ftl"("en_IN", UTF-8, parsed); will try to load it.
2020-06-19 17:51:14,062 DEBUG [main] cache:44 - TemplateLoader.findTemplateSource("commons/commons-macros_en_IN.ftl"): Not found
2020-06-19 17:51:14,063 DEBUG [main] cache:44 - TemplateLoader.findTemplateSource("commons/commons-macros_en.ftl"): Not found
2020-06-19 17:51:14,064 DEBUG [main] cache:44 - TemplateLoader.findTemplateSource("commons/commons-macros.ftl"): Found
2020-06-19 17:51:14,064 DEBUG [main] cache:44 - Loading template for "commons/commons-macros.ftl"("en_IN", UTF-8, parsed) from "jar:file:/home/tushar/.m2/repository/com/aventstack/extentreports/4.1.4/extentreports-4.1.4.jar!/com/aventstack/extentreports/view/commons/commons-macros.ftl"
2020-06-19 17:51:14,084 DEBUG [main] cache:44 - Couldn't find template in cache for "spark/macros/attributes.ftl"("en_IN", UTF-8, parsed); will try to load it.
2020-06-19 17:51:14,085 DEBUG [main] cache:44 - TemplateLoader.findTemplateSource("spark/macros/attributes_en_IN.ftl"): Not found
2020-06-19 17:51:14,086 DEBUG [main] cache:44 - TemplateLoader.findTemplateSource("spark/macros/attributes_en.ftl"): Not found
2020-06-19 17:51:14,087 DEBUG [main] cache:44 - TemplateLoader.findTemplateSource("spark/macros/attributes.ftl"): Found
2020-06-19 17:51:14,087 DEBUG [main] cache:44 - Loading template for "spark/macros/attributes.ftl"("en_IN", UTF-8, parsed) from "jar:file:/home/tushar/.m2/repository/com/aventstack/extentreports/4.1.4/extentreports-4.1.4.jar!/com/aventstack/extentreports/view/spark/macros/attributes.ftl"
2020-06-19 17:51:14,091 DEBUG [main] cache:44 - Couldn't find template in cache for "spark/macros/log.ftl"("en_IN", UTF-8, parsed); will try to load it.
2020-06-19 17:51:14,092 DEBUG [main] cache:44 - TemplateLoader.findTemplateSource("spark/macros/log_en_IN.ftl"): Not found
2020-06-19 17:51:14,092 DEBUG [main] cache:44 - TemplateLoader.findTemplateSource("spark/macros/log_en.ftl"): Not found
2020-06-19 17:51:14,093 DEBUG [main] cache:44 - TemplateLoader.findTemplateSource("spark/macros/log.ftl"): Found
2020-06-19 17:51:14,093 DEBUG [main] cache:44 - Loading template for "spark/macros/log.ftl"("en_IN", UTF-8, parsed) from "jar:file:/home/tushar/.m2/repository/com/aventstack/extentreports/4.1.4/extentreports-4.1.4.jar!/com/aventstack/extentreports/view/spark/macros/log.ftl"
2020-06-19 17:51:14,097 DEBUG [main] cache:44 - Couldn't find template in cache for "spark/macros/recurse_nodes.ftl"("en_IN", UTF-8, parsed); will try to load it.
2020-06-19 17:51:14,098 DEBUG [main] cache:44 - TemplateLoader.findTemplateSource("spark/macros/recurse_nodes_en_IN.ftl"): Not found
2020-06-19 17:51:14,099 DEBUG [main] cache:44 - TemplateLoader.findTemplateSource("spark/macros/recurse_nodes_en.ftl"): Not found
2020-06-19 17:51:14,100 DEBUG [main] cache:44 - TemplateLoader.findTemplateSource("spark/macros/recurse_nodes.ftl"): Found
2020-06-19 17:51:14,100 DEBUG [main] cache:44 - Loading template for "spark/macros/recurse_nodes.ftl"("en_IN", UTF-8, parsed) from "jar:file:/home/tushar/.m2/repository/com/aventstack/extentreports/4.1.4/extentreports-4.1.4.jar!/com/aventstack/extentreports/view/spark/macros/recurse_nodes.ftl"
2020-06-19 17:51:14,106 DEBUG [main] cache:44 - "spark/macros/log.ftl"("en_IN", UTF-8, parsed) cached copy not yet stale; using cached.
2020-06-19 17:51:14,117 DEBUG [main] cache:44 - Couldn't find template in cache for "spark/partials/head.ftl"("en_IN", UTF-8, parsed); will try to load it.
2020-06-19 17:51:14,118 DEBUG [main] cache:44 - TemplateLoader.findTemplateSource("spark/partials/head_en_IN.ftl"): Not found
2020-06-19 17:51:14,119 DEBUG [main] cache:44 - TemplateLoader.findTemplateSource("spark/partials/head_en.ftl"): Not found
2020-06-19 17:51:14,120 DEBUG [main] cache:44 - TemplateLoader.findTemplateSource("spark/partials/head.ftl"): Found
2020-06-19 17:51:14,120 DEBUG [main] cache:44 - Loading template for "spark/partials/head.ftl"("en_IN", UTF-8, parsed) from "jar:file:/home/tushar/.m2/repository/com/aventstack/extentreports/4.1.4/extentreports-4.1.4.jar!/com/aventstack/extentreports/view/spark/partials/head.ftl"
2020-06-19 17:51:14,126 DEBUG [main] cache:44 - Couldn't find template in cache for "commons/commons-inject-css.ftl"("en_IN", UTF-8, parsed); will try to load it.
2020-06-19 17:51:14,126 DEBUG [main] cache:44 - TemplateLoader.findTemplateSource("commons/commons-inject-css_en_IN.ftl"): Not found
2020-06-19 17:51:14,127 DEBUG [main] cache:44 - TemplateLoader.findTemplateSource("commons/commons-inject-css_en.ftl"): Not found
2020-06-19 17:51:14,128 DEBUG [main] cache:44 - TemplateLoader.findTemplateSource("commons/commons-inject-css.ftl"): Found
2020-06-19 17:51:14,128 DEBUG [main] cache:44 - Loading template for "commons/commons-inject-css.ftl"("en_IN", UTF-8, parsed) from "jar:file:/home/tushar/.m2/repository/com/aventstack/extentreports/4.1.4/extentreports-4.1.4.jar!/com/aventstack/extentreports/view/commons/commons-inject-css.ftl"
2020-06-19 17:51:14,130 DEBUG [main] cache:44 - Couldn't find template in cache for "spark/partials/navbar.ftl"("en_IN", UTF-8, parsed); will try to load it.
2020-06-19 17:51:14,131 DEBUG [main] cache:44 - TemplateLoader.findTemplateSource("spark/partials/navbar_en_IN.ftl"): Not found
2020-06-19 17:51:14,132 DEBUG [main] cache:44 - TemplateLoader.findTemplateSource("spark/partials/navbar_en.ftl"): Not found
2020-06-19 17:51:14,133 DEBUG [main] cache:44 - TemplateLoader.findTemplateSource("spark/partials/navbar.ftl"): Found
2020-06-19 17:51:14,133 DEBUG [main] cache:44 - Loading template for "spark/partials/navbar.ftl"("en_IN", UTF-8, parsed) from "jar:file:/home/tushar/.m2/repository/com/aventstack/extentreports/4.1.4/extentreports-4.1.4.jar!/com/aventstack/extentreports/view/spark/partials/navbar.ftl"
2020-06-19 17:51:14,147 DEBUG [main] cache:44 - Couldn't find template in cache for "spark/partials/sidenav.ftl"("en_IN", UTF-8, parsed); will try to load it.
2020-06-19 17:51:14,148 DEBUG [main] cache:44 - TemplateLoader.findTemplateSource("spark/partials/sidenav_en_IN.ftl"): Not found
2020-06-19 17:51:14,148 DEBUG [main] cache:44 - TemplateLoader.findTemplateSource("spark/partials/sidenav_en.ftl"): Not found
2020-06-19 17:51:14,149 DEBUG [main] cache:44 - TemplateLoader.findTemplateSource("spark/partials/sidenav.ftl"): Found
2020-06-19 17:51:14,150 DEBUG [main] cache:44 - Loading template for "spark/partials/sidenav.ftl"("en_IN", UTF-8, parsed) from "jar:file:/home/tushar/.m2/repository/com/aventstack/extentreports/4.1.4/extentreports-4.1.4.jar!/com/aventstack/extentreports/view/spark/partials/sidenav.ftl"
2020-06-19 17:51:14,154 DEBUG [main] cache:44 - Couldn't find template in cache for "spark/partials/test.ftl"("en_IN", UTF-8, parsed); will try to load it.
2020-06-19 17:51:14,155 DEBUG [main] cache:44 - TemplateLoader.findTemplateSource("spark/partials/test_en_IN.ftl"): Not found
2020-06-19 17:51:14,156 DEBUG [main] cache:44 - TemplateLoader.findTemplateSource("spark/partials/test_en.ftl"): Not found
2020-06-19 17:51:14,157 DEBUG [main] cache:44 - TemplateLoader.findTemplateSource("spark/partials/test.ftl"): Found
2020-06-19 17:51:14,157 DEBUG [main] cache:44 - Loading template for "spark/partials/test.ftl"("en_IN", UTF-8, parsed) from "jar:file:/home/tushar/.m2/repository/com/aventstack/extentreports/4.1.4/extentreports-4.1.4.jar!/com/aventstack/extentreports/view/spark/partials/test.ftl"
2020-06-19 17:51:14,204 DEBUG [main] cache:44 - Couldn't find template in cache for "spark/partials/standard-content.ftl"("en_IN", UTF-8, parsed); will try to load it.
2020-06-19 17:51:14,205 DEBUG [main] cache:44 - TemplateLoader.findTemplateSource("spark/partials/standard-content_en_IN.ftl"): Not found
2020-06-19 17:51:14,206 DEBUG [main] cache:44 - TemplateLoader.findTemplateSource("spark/partials/standard-content_en.ftl"): Not found
2020-06-19 17:51:14,207 DEBUG [main] cache:44 - TemplateLoader.findTemplateSource("spark/partials/standard-content.ftl"): Found
2020-06-19 17:51:14,208 DEBUG [main] cache:44 - Loading template for "spark/partials/standard-content.ftl"("en_IN", UTF-8, parsed) from "jar:file:/home/tushar/.m2/repository/com/aventstack/extentreports/4.1.4/extentreports-4.1.4.jar!/com/aventstack/extentreports/view/spark/partials/standard-content.ftl"
2020-06-19 17:51:14,219 DEBUG [main] cache:44 - "spark/partials/standard-content.ftl"("en_IN", UTF-8, parsed) cached copy not yet stale; using cached.
2020-06-19 17:51:14,221 DEBUG [main] cache:44 - "spark/partials/standard-content.ftl"("en_IN", UTF-8, parsed) cached copy not yet stale; using cached.
2020-06-19 17:51:14,225 DEBUG [main] cache:44 - "spark/partials/standard-content.ftl"("en_IN", UTF-8, parsed) cached copy not yet stale; using cached.
2020-06-19 17:51:14,227 DEBUG [main] cache:44 - "spark/partials/standard-content.ftl"("en_IN", UTF-8, parsed) cached copy not yet stale; using cached.
2020-06-19 17:51:14,229 DEBUG [main] cache:44 - "spark/partials/standard-content.ftl"("en_IN", UTF-8, parsed) cached copy not yet stale; using cached.
2020-06-19 17:51:14,231 DEBUG [main] cache:44 - "spark/partials/standard-content.ftl"("en_IN", UTF-8, parsed) cached copy not yet stale; using cached.
2020-06-19 17:51:14,244 DEBUG [main] cache:44 - "spark/partials/standard-content.ftl"("en_IN", UTF-8, parsed) cached copy not yet stale; using cached.
2020-06-19 17:51:14,246 DEBUG [main] cache:44 - Couldn't find template in cache for "spark/partials/exception.ftl"("en_IN", UTF-8, parsed); will try to load it.
2020-06-19 17:51:14,247 DEBUG [main] cache:44 - TemplateLoader.findTemplateSource("spark/partials/exception_en_IN.ftl"): Not found
2020-06-19 17:51:14,248 DEBUG [main] cache:44 - TemplateLoader.findTemplateSource("spark/partials/exception_en.ftl"): Not found
2020-06-19 17:51:14,249 DEBUG [main] cache:44 - TemplateLoader.findTemplateSource("spark/partials/exception.ftl"): Found
2020-06-19 17:51:14,249 DEBUG [main] cache:44 - Loading template for "spark/partials/exception.ftl"("en_IN", UTF-8, parsed) from "jar:file:/home/tushar/.m2/repository/com/aventstack/extentreports/4.1.4/extentreports-4.1.4.jar!/com/aventstack/extentreports/view/spark/partials/exception.ftl"
2020-06-19 17:51:14,256 DEBUG [main] cache:44 - Couldn't find template in cache for "spark/partials/dashboard.ftl"("en_IN", UTF-8, parsed); will try to load it.
2020-06-19 17:51:14,256 DEBUG [main] cache:44 - TemplateLoader.findTemplateSource("spark/partials/dashboard_en_IN.ftl"): Not found
2020-06-19 17:51:14,257 DEBUG [main] cache:44 - TemplateLoader.findTemplateSource("spark/partials/dashboard_en.ftl"): Not found
2020-06-19 17:51:14,257 DEBUG [main] cache:44 - TemplateLoader.findTemplateSource("spark/partials/dashboard.ftl"): Found
2020-06-19 17:51:14,257 DEBUG [main] cache:44 - Loading template for "spark/partials/dashboard.ftl"("en_IN", UTF-8, parsed) from "jar:file:/home/tushar/.m2/repository/com/aventstack/extentreports/4.1.4/extentreports-4.1.4.jar!/com/aventstack/extentreports/view/spark/partials/dashboard.ftl"
2020-06-19 17:51:14,318 DEBUG [main] cache:44 - Couldn't find template in cache for "spark/partials/scripts.ftl"("en_IN", UTF-8, parsed); will try to load it.
2020-06-19 17:51:14,319 DEBUG [main] cache:44 - TemplateLoader.findTemplateSource("spark/partials/scripts_en_IN.ftl"): Not found
2020-06-19 17:51:14,320 DEBUG [main] cache:44 - TemplateLoader.findTemplateSource("spark/partials/scripts_en.ftl"): Not found
2020-06-19 17:51:14,320 DEBUG [main] cache:44 - TemplateLoader.findTemplateSource("spark/partials/scripts.ftl"): Found
2020-06-19 17:51:14,321 DEBUG [main] cache:44 - Loading template for "spark/partials/scripts.ftl"("en_IN", UTF-8, parsed) from "jar:file:/home/tushar/.m2/repository/com/aventstack/extentreports/4.1.4/extentreports-4.1.4.jar!/com/aventstack/extentreports/view/spark/partials/scripts.ftl"
2020-06-19 17:51:14,323 DEBUG [main] cache:44 - Couldn't find template in cache for "commons/commons-inject-js.ftl"("en_IN", UTF-8, parsed); will try to load it.
2020-06-19 17:51:14,324 DEBUG [main] cache:44 - TemplateLoader.findTemplateSource("commons/commons-inject-js_en_IN.ftl"): Not found
2020-06-19 17:51:14,325 DEBUG [main] cache:44 - TemplateLoader.findTemplateSource("commons/commons-inject-js_en.ftl"): Not found
2020-06-19 17:51:14,326 DEBUG [main] cache:44 - TemplateLoader.findTemplateSource("commons/commons-inject-js.ftl"): Found
2020-06-19 17:51:14,326 DEBUG [main] cache:44 - Loading template for "commons/commons-inject-js.ftl"("en_IN", UTF-8, parsed) from "jar:file:/home/tushar/.m2/repository/com/aventstack/extentreports/4.1.4/extentreports-4.1.4.jar!/com/aventstack/extentreports/view/commons/commons-inject-js.ftl"
